    1  passwd
    2  clear
    3  ls
    4  list
    5  ls
    6  ls -la
    7  cd hardiksp24
    8  cd root
    9  mkdir cs131
   10  cd cs131
   11  cleat
   12  clear
   13  git clone git@github.com:hardikgauba-CS/cs131.git
   14  clear
   15  git username
   16  git clone git@github.com:hardikgauba-CS/cs131.git
   17  clear
   18  git clone git@github.com:hardikgauba-CS/cs131.git
   19  git status
   20  ssh-keygen -t ed25519 -C hardikgauba9999@gmail.com
   21  clear
   22  git status
   23  ls
   24  cd cs13
   25  cd 131
   26  cd cs131
   27  cleqr
   28  clear
   29  git status
   30  git init
   31  git clone git@github.com:hardikgauba-CS/cs131.git
   32  ssh-keygen -t ed25519 -C hardikgauba9999@gmail.com
   33  eval "$(ssh-agent -s)"
   34  ~/.ssh/config
   35  touch ~/.ssh/config
   36  vim ~/.ssh/config
   37  ssh-add ~/.ssh/id_ed25519
   38  cat ~/.ssh/id_ed25519
   39  clear
   40  git inti
   41  git init
   42  git clone https://github.com/hardikgauba-CS/cs131.git
   43  clear
   44  ls
   45  cd cs131
   46  ls
   47  clear
   48  wget https://raw.githubusercontent.com/khanchandaniashish/CS131/main/Global%20YouTube%20Statistics.csv
   49  grep -i "United States" Global\ YouTube\ Statistics.csv > united_states_records.csv
   50  grep -i ",Music," Global\ YouTube\ Statistics.csv > music_category_records.csv
   51  wc -l music_category_records.csv > counts.txt
   52  wc -w music_category_records.csv >> counts.txt
   53  nano counts.txt
   54  history > cmds.log
