    1  passwd
    2  clear
    3  ls
    4  list
    5  ls
    6  ls -la
    7  cd hardiksp24
    8  cd root
    9  mkdir cs131
   10  cd cs131
   11  cleat
   12  clear
   13  git clone git@github.com:hardikgauba-CS/cs131.git
   14  clear
   15  git username
   16  git clone git@github.com:hardikgauba-CS/cs131.git
   17  clear
   18  git clone git@github.com:hardikgauba-CS/cs131.git
   19  git status
   20  ssh-keygen -t ed25519 -C hardikgauba9999@gmail.com
   21  clear
   22  git status
   23  ls
   24  cd cs13
   25  cd 131
   26  cd cs131
   27  cleqr
   28  clear
   29  git status
   30  git init
   31  git clone git@github.com:hardikgauba-CS/cs131.git
   32  ssh-keygen -t ed25519 -C hardikgauba9999@gmail.com
   33  eval "$(ssh-agent -s)"
   34  ~/.ssh/config
   35  touch ~/.ssh/config
   36  vim ~/.ssh/config
   37  ssh-add ~/.ssh/id_ed25519
   38  cat ~/.ssh/id_ed25519
   39  clear
   40  git inti
   41  git init
   42  git clone https://github.com/hardikgauba-CS/cs131.git
   43  clear
   44  ls
   45  cd cs131
   46  ls
   47  clear
   48  wget https://raw.githubusercontent.com/khanchandaniashish/CS131/main/Global%20YouTube%20Statistics.csv
   49  grep -i "United States" Global\ YouTube\ Statistics.csv > united_states_records.csv
   50  grep -i ",Music," Global\ YouTube\ Statistics.csv > music_category_records.csv
   51  wc -l music_category_records.csv > counts.txt
   52  wc -w music_category_records.csv >> counts.txt
   53  nano counts.txt
   54  history > cmds.log
   55  clear
   56  ls
   57  mkdir Worksheet2
   58  clear
   59  ls
   60  git init
   61  git status
   62  git add .
   63  git commit -m "Worksheet2"
   64  git config --global user.email hardikgauba9999@gmail.com
   65  git config --global user.name Hardik
   66  git commit -m "Worksheet2"
   67  git push -u origin
   68  clear
   69  ls
   70  cp cmds.log Worksheet2/
   71  cp counts.txt Worksheet2/
   72  clear
   73  ls
   74  cd Worksheet2
   75  ls
   76  cd ..
   77  git add Worksheet2/
   78  git commit -m "Worksheet2"
   79  git push -u origin
   80  git remote add origin https://github.com/hardikgauba-CS/cs131.git
   81  git status
   82  git commit Worksheet2/ -m "Worksheet2"
   83  git push
   84  git pull origin lab12
   85  git pull --rebase origin lab12
   86  git add Worksheet2
   87  git rebase --continue
   88  git push origin lab12
   89  git pull
   90  clear
   91  ls
   92  git config --global user.name "chandrakhushi"
   93     76  git config --global user.email "khushi.chandra@outlook.com"
   94  git config --global user.name"hardikgauba-CS"
   95  git config --global user.email "hardikgauba9999@gmail.com"
   96  git clone https://github.com/hardikgauba-CS/cs131.git
   97  cd cs131
   98  mkdir Assignment2
   99  cd Assignment2
  100  touch Assignment2.txt
  101  ls
  102  touch cmds.log
  103  ls
  104  find /etc -type f >one.txt>two.txt
  105  vi Assignment2.txt
  106  find /etc -type f > one.txt 2> two.txt
  107  cat one.txt
  108  vi Assignment.txt
  109  Assignment2.txt
  110  vi Assignment2.txt
  111  cat two.txt
  112  vi Assignment2.txt
  113  cmds.log >> history
  114  vi Assignment2.txt
  115  ps -u hardiksp24
  116  git config --global user.name"hardikgauba-CS"
  117  git config --global user.email"hardikgauba9999@gmail.com"
  118  git clone https://github.com/hardikgauba-CS/cs131.git
  119  cd cs131
  120  mkdir Assignmen2.txt
  121  cd Assignment2.txt
  122  cd Assignment2
  123  touch Assignment2.txt
  124  touch cmds.log
  125  ls
  126  vi Assignment2.txt
  127  rm -f Assignment2.txt
  128  ls
  129  touch Assignment2.txt
  130  ls
  131  vi Assignment2.txt
  132  rm -f .Assignment2.txt.swp
  133  ls
  134  vi Assignment2.txt
  135  ls
  136  rm -f Assignment.txt
  137  ls
  138  cat one.txt
  139  vi Assignment2.txt
  140  cat two.txt
  141  vi Assignment2.txt
  142  wget https://raw.githubusercontent.com/khanchandaniashish/CS131/main/Global%20YouTube%20Statistics.csv
  143  cut -d',' -f20,21 "Global YouTube Statistics.csv" | sort | uniq -c | sort -nr | head -n 3
  144  vi Assignment2.txt
  145  ps -u hardiksp24
  146  vi Assignment2.txt
  147  vi file.txt
  148  vi Assignment2.txt
  149  ps -eo pid,cmd | grep -E '\b(systemd|init)\b'
  150  vi Assignment2.txt
  151  history > cmds.log
  152  git add.
  153  git add .
  154  git commit -m "files added"
  155  git push -u origin main
  156  git push -u origin master
  157  cd ..
  158  git commit -m "files added."
  159  git push -u origin master
  160  vi cmds.log
  161  history > cmds.log
  162  vi cmds.log
  163  git push -u origin
  164  vi cmds.log
  165  ls
  166  cd cs131
  167  ls
  168  cd ..
  169  clear
  170  ls
  171  cd Assignment2\
  172  clear
  173  cd Assignment2
  174  ls
  175  git add .
  176  git commit -m "New Commit"
  177  cd ..
  178  git add Assignment2
  179  git status
  180  git add .
  181  git commit -m "New Commit"
  182  git push
  183  git remote add origin https://github.com/hardikgauba-CS/cs131.git
  184  git push
  185  git push --set-upstream origin master
  186  git add .
  187  git commit -m
  188  git commit -m ""
  189  git push
  190  ls
  191  git remote add origin https://github.com/hardikgauba-CS/cs131.git
  192  git status
  193  ls
  194  ls -a
  195  cd cs131
  196  cd Assignment2
  197  git add .
  198  git cleart
  199  git clean
  200  git status
  201  On branch lab12
  202  on branch lab12
  203  git checkout <lab12>
  204  cd ..
  205  ls -a
  206  clear
  207  git switch lab12
  208  git branch
  209  git checkout -b lab12
  210  git branch
  211  clear
  212  git remote add origin https://github.com/hardikgauba-CS/cs131.git
  213  git add Assignment2\
  214  git add Assignment2
  215  git commit -m ""
  216  clear
  217  ls
  218  git branch
  219  ls -a
  220  git add Assignment2/
  221  git status
  222  git clean
  223  git clean -f
  224  ls
  225  cd ..
  226  ls
  227  cd ..
  228  ls
  229  cd hardiksp24
  230  clear
  231  git clone https://github.com/hardikgauba-CS/cs131.git
  232  mv cs131 cs131ex
  233  cd
  234  ls
  235  git clone https://github.com/hardikgauba-CS/cs131.git
  236  cd
  237  ls
  238  cd cs131
  239  ls -a
  240  ls
  241  cd ..
  242  cd cs131ex
  243  ls'
  244  clear
  245  ls
  246  mv Assignment2 ../cs131/
  247  cd ..
  248  ls
  249  cd cs131
  250  ls
  251  clear
  252  git add .
  253  git commit -m ""
  254  git commit -m "Commit"
  255  git push
  256  ls
____________________Worksheet 3___________________________________________

1)

  257  cd cs131
  258  mkdir Worksheet3
  259  cd Worksheet3
  260  wget https://raw.githubusercontent.com/khanchandaniashish/CS131/main/Global%20YouTube%20Statistics.csv
  261  cut -d',' -f 2,8,16 'Global YouTube Statistics.csv' | grep '^[^,]*,United States,*' | sort -k 3 -nr -t',' | head -1 > us_max.txt
  262  cat us_max.txt >> ws3.txt
  263  cut -d',' -f 2,8,16 'Global YouTube Statistics.csv' | grep '^[^,]*,United Kingdom,*' | sort -k 3 -nr -t',' | head -1 > uk_max.txt
  264  cat uk_max.txt >> ws3.txt
  265  cut -d',' -f 2,8,16 'Global YouTube Statistics.csv' | grep '^[^,]*,India,*' | sort -k 3 -nr -t',' | head -1 > in_max.csv
  266  cat in_max.txt >> ws3.txt
  267  cut -d',' -f 2,8,16 'Global YouTube Statistics.csv' | grep '^[^,]*,India,*' | sort -k 3 -nr -t',' | head -1 > in_max.csv
  268  cat in_max.txt >> ws3.txt
  269  ls
  270  cut -d',' -f 2,8,16 'Global YouTube Statistics.csv' | grep '^[^,]*,India,*' | sort -k 3 -nr -t',' | head -1 > in_max.txt
  271  cat in_max.txt >> ws3.txt


2)


  272  cut -d',' -f 2,3,5 'Global YouTube Statistics.csv' | grep '^[^,]*,[^,]*,Sports,*' | sort -k 2 -nr -t',' | head -1 >>  ws3.txt
  273  cut -d',' -f 2,3,5 'Global YouTube Statistics.csv' | grep '^[^,]*,[^,]*,Education,*' | sort -k 2 -nr -t',' | head -1 >>  ws3.txt
  274  cut -d',' -f 2,3,5 'Global YouTube Statistics.csv' | grep '^[^,]*,[^,]*,Entertainment,*' | sort -k 2 -nr -t',' | head -1 >>  ws3.txt
  275  ls
  276  cd ws3.txt
  277  vi ws3.txt
  278  ls
  279  ls in_max.csv
  280  ls in_max.txt
  281  vi in_max.txt
  282  history > cmds.log
